
Profiling started at Sun Jan 26 18:22:13 2014
Profiling stopped at Sun Jan 26 18:22:13 2014

-- OProfile/operf Statistics --
Nr. non-backtrace samples: 36
Nr. kernel samples: 21
Nr. user space samples: 15
Nr. samples lost due to sample address not in expected range for domain: 0
Nr. lost kernel samples: 0
Nr. samples lost due to sample file open failure: 0
Nr. samples lost due to no permanent mapping: 0
Nr. user context kernel samples lost due to no app info available: 0
Nr. user samples lost due to no app info available: 0
Nr. backtraces skipped due to no file mapping: 0
Nr. hypervisor samples dropped due to address out-of-range: 0
Nr. samples lost reported by perf_events kernel: 0

Profiling started at Sun Jan 26 18:31:42 2014
Profiling stopped at Sun Jan 26 18:31:42 2014

-- OProfile/operf Statistics --
Nr. non-backtrace samples: 36
Nr. kernel samples: 20
Nr. user space samples: 16
Nr. samples lost due to sample address not in expected range for domain: 0
Nr. lost kernel samples: 0
Nr. samples lost due to sample file open failure: 0
Nr. samples lost due to no permanent mapping: 0
Nr. user context kernel samples lost due to no app info available: 0
Nr. user samples lost due to no app info available: 0
Nr. backtraces skipped due to no file mapping: 0
Nr. hypervisor samples dropped due to address out-of-range: 0
Nr. samples lost reported by perf_events kernel: 0

Profiling started at Sun Jan 26 18:32:06 2014
Profiling stopped at Sun Jan 26 18:32:06 2014

-- OProfile/operf Statistics --
Nr. non-backtrace samples: 35
Nr. kernel samples: 23
Nr. user space samples: 12
Nr. samples lost due to sample address not in expected range for domain: 0
Nr. lost kernel samples: 0
Nr. samples lost due to sample file open failure: 0
Nr. samples lost due to no permanent mapping: 0
Nr. user context kernel samples lost due to no app info available: 0
Nr. user samples lost due to no app info available: 0
Nr. backtraces skipped due to no file mapping: 0
Nr. hypervisor samples dropped due to address out-of-range: 0
Nr. samples lost reported by perf_events kernel: 0

Profiling started at Sun Jan 26 18:51:18 2014
Profiling stopped at Sun Jan 26 18:51:24 2014

-- OProfile/operf Statistics --
Nr. non-backtrace samples: 98050
Nr. kernel samples: 96414
Nr. user space samples: 1636
Nr. samples lost due to sample address not in expected range for domain: 0
Nr. lost kernel samples: 0
Nr. samples lost due to sample file open failure: 0
Nr. samples lost due to no permanent mapping: 0
Nr. user context kernel samples lost due to no app info available: 0
Nr. user samples lost due to no app info available: 0
Nr. backtraces skipped due to no file mapping: 0
Nr. hypervisor samples dropped due to address out-of-range: 0
Nr. samples lost reported by perf_events kernel: 0

Profiling started at Sun Jan 26 18:54:41 2014
Profiling stopped at Sun Jan 26 18:54:41 2014

-- OProfile/operf Statistics --
Nr. non-backtrace samples: 1053
Nr. kernel samples: 1028
Nr. user space samples: 25
Nr. samples lost due to sample address not in expected range for domain: 0
Nr. lost kernel samples: 0
Nr. samples lost due to sample file open failure: 0
Nr. samples lost due to no permanent mapping: 0
Nr. user context kernel samples lost due to no app info available: 0
Nr. user samples lost due to no app info available: 0
Nr. backtraces skipped due to no file mapping: 0
Nr. hypervisor samples dropped due to address out-of-range: 0
Nr. samples lost reported by perf_events kernel: 0

Profiling started at Sun Jan 26 19:21:43 2014
Profiling stopped at Sun Jan 26 19:21:43 2014

-- OProfile/operf Statistics --
Nr. non-backtrace samples: 141
Nr. kernel samples: 124
Nr. user space samples: 17
Nr. samples lost due to sample address not in expected range for domain: 0
Nr. lost kernel samples: 0
Nr. samples lost due to sample file open failure: 0
Nr. samples lost due to no permanent mapping: 0
Nr. user context kernel samples lost due to no app info available: 0
Nr. user samples lost due to no app info available: 0
Nr. backtraces skipped due to no file mapping: 0
Nr. hypervisor samples dropped due to address out-of-range: 0
Nr. samples lost reported by perf_events kernel: 0
